This is pdfTeX, Version 3.141592653-2.6-1.40.28 (TeX Live 2025) (preloaded format=pdflatex 2026.2.20)  13 JUL 2026 15:47
entering extended mode
 restricted \write18 enabled.
 %&-line parsing enabled.
**Paper_Figures.tex
(./Paper_Figures.tex
LaTeX2e <2025-11-01>
L3 programming layer <2026-01-19>
(/Users/patriciavanhissenhoven/Library/TinyTeX/texmf-dist/tex/latex/base/article.cls
Document Class: article 2025/01/22 v1.4n Standard LaTeX document class
(/Users/patriciavanhissenhoven/Library/TinyTeX/texmf-dist/tex/latex/base/size10.clo
File: size10.clo 2025/01/22 v1.4n Standard LaTeX file (size option)
)
\c@part=\count275
\c@section=\count276
\c@subsection=\count277
\c@subsubsection=\count278
\c@paragraph=\count279
\c@subparagraph=\count280
\c@figure=\count281
\c@table=\count282
\abovecaptionskip=\skip49
\belowcaptionskip=\skip50
\bibindent=\dimen148
) (/Users/patriciavanhissenhoven/Library/TinyTeX/texmf-dist/tex/latex/xcolor/xcolor.sty
Package: xcolor 2024/09/29 v3.02 LaTeX color extensions (UK)
(/Users/patriciavanhissenhoven/Library/TinyTeX/texmf-dist/tex/latex/graphics-cfg/color.cfg
File: color.cfg 2016/01/02 v1.6 sample color configuration
)
Package xcolor Info: Driver file: pdftex.def on input line 274.
(/Users/patriciavanhissenhoven/Library/TinyTeX/texmf-dist/tex/latex/graphics-def/pdftex.def
File: pdftex.def 2025/09/29 v1.2d Graphics/color driver for pdftex
) (/Users/patriciavanhissenhoven/Library/TinyTeX/texmf-dist/tex/latex/graphics/mathcolor.ltx)
Package xcolor Info: Model `cmy' substituted by `cmy0' on input line 1349.
Package xcolor Info: Model `hsb' substituted by `rgb' on input line 1353.
Package xcolor Info: Model `RGB' extended on input line 1365.
Package xcolor Info: Model `HTML' substituted by `rgb' on input line 1367.
Package xcolor Info: Model `Hsb' substituted by `hsb' on input line 1368.
Package xcolor Info: Model `tHsb' substituted by `hsb' on input line 1369.
Package xcolor Info: Model `HSB' substituted by `hsb' on input line 1370.
Package xcolor Info: Model `Gray' substituted by `gray' on input line 1371.
Package xcolor Info: Model `wave' substituted by `hsb' on input line 1372.
) (/Users/patriciavanhissenhoven/Library/TinyTeX/texmf-dist/tex/latex/geometry/geometry.sty
Package: geometry 2020/01/02 v5.9 Page Geometry
(/Users/patriciavanhissenhoven/Library/TinyTeX/texmf-dist/tex/latex/graphics/keyval.sty
Package: keyval 2022/05/29 v1.15 key=value parser (DPC)
\KV@toks@=\toks17
) (/Users/patriciavanhissenhoven/Library/TinyTeX/texmf-dist/tex/generic/iftex/ifvtex.sty
Package: ifvtex 2019/10/25 v1.7 ifvtex legacy package. Use iftex instead.
(/Users/patriciavanhissenhoven/Library/TinyTeX/texmf-dist/tex/generic/iftex/iftex.sty
Package: iftex 2024/12/12 v1.0g TeX engine tests
))
\Gm@cnth=\count283
\Gm@cntv=\count284
\c@Gm@tempcnt=\count285
\Gm@bindingoffset=\dimen149
\Gm@wd@mp=\dimen150
\Gm@odd@mp=\dimen151
\Gm@even@mp=\dimen152
\Gm@layoutwidth=\dimen153
\Gm@layoutheight=\dimen154
\Gm@layouthoffset=\dimen155
\Gm@layoutvoffset=\dimen156
\Gm@dimlist=\toks18
) (/Users/patriciavanhissenhoven/Library/TinyTeX/texmf-dist/tex/latex/amsmath/amsmath.sty
Package: amsmath 2025/07/09 v2.17z AMS math features
\@mathmargin=\skip51
For additional information on amsmath, use the `?' option.
(/Users/patriciavanhissenhoven/Library/TinyTeX/texmf-dist/tex/latex/amsmath/amstext.sty
Package: amstext 2024/11/17 v2.01 AMS text
(/Users/patriciavanhissenhoven/Library/TinyTeX/texmf-dist/tex/latex/amsmath/amsgen.sty
File: amsgen.sty 1999/11/30 v2.0 generic functions
\@emptytoks=\toks19
\ex@=\dimen157
)) (/Users/patriciavanhissenhoven/Library/TinyTeX/texmf-dist/tex/latex/amsmath/amsbsy.sty
Package: amsbsy 1999/11/29 v1.2d Bold Symbols
\pmbraise@=\dimen158
) (/Users/patriciavanhissenhoven/Library/TinyTeX/texmf-dist/tex/latex/amsmath/amsopn.sty
Package: amsopn 2022/04/08 v2.04 operator names
)
\inf@bad=\count286
LaTeX Info: Redefining \frac on input line 233.
\uproot@=\count287
\leftroot@=\count288
LaTeX Info: Redefining \overline on input line 398.
LaTeX Info: Redefining \colon on input line 409.
\classnum@=\count289
\DOTSCASE@=\count290
LaTeX Info: Redefining \ldots on input line 495.
LaTeX Info: Redefining \dots on input line 498.
LaTeX Info: Redefining \cdots on input line 619.
\Mathstrutbox@=\box53
\strutbox@=\box54
LaTeX Info: Redefining \big on input line 721.
LaTeX Info: Redefining \Big on input line 722.
LaTeX Info: Redefining \bigg on input line 723.
LaTeX Info: Redefining \Bigg on input line 724.
\big@size=\dimen159
LaTeX Font Info:    Redeclaring font encoding OML on input line 742.
LaTeX Font Info:    Redeclaring font encoding OMS on input line 743.
\macc@depth=\count291
LaTeX Info: Redefining \bmod on input line 904.
LaTeX Info: Redefining \pmod on input line 909.
LaTeX Info: Redefining \smash on input line 939.
LaTeX Info: Redefining \relbar on input line 969.
LaTeX Info: Redefining \Relbar on input line 970.
\c@MaxMatrixCols=\count292
\dotsspace@=\muskip17
\c@parentequation=\count293
\dspbrk@lvl=\count294
\tag@help=\toks20
\row@=\count295
\column@=\count296
\maxfields@=\count297
\andhelp@=\toks21
\eqnshift@=\dimen160
\alignsep@=\dimen161
\tagshift@=\dimen162
\tagwidth@=\dimen163
\totwidth@=\dimen164
\lineht@=\dimen165
\@envbody=\toks22
\multlinegap=\skip52
\multlinetaggap=\skip53
\mathdisplay@stack=\toks23
LaTeX Info: Redefining \[ on input line 2950.
LaTeX Info: Redefining \] on input line 2951.
) (/Users/patriciavanhissenhoven/Library/TinyTeX/texmf-dist/tex/latex/amsfonts/amssymb.sty
Package: amssymb 2013/01/14 v3.01 AMS font symbols
(/Users/patriciavanhissenhoven/Library/TinyTeX/texmf-dist/tex/latex/amsfonts/amsfonts.sty
Package: amsfonts 2013/01/14 v3.01 Basic AMSFonts support
\symAMSa=\mathgroup4
\symAMSb=\mathgroup5
LaTeX Font Info:    Redeclaring math symbol \hbar on input line 98.
LaTeX Font Info:    Overwriting math alphabet `\mathfrak' in version `bold'
(Font)                  U/euf/m/n --> U/euf/b/n on input line 106.
)) (/Users/patriciavanhissenhoven/Library/TinyTeX/texmf-dist/tex/latex/base/fontenc.sty
Package: fontenc 2025/07/18 v2.1d Standard LaTeX package
) (/Users/patriciavanhissenhoven/Library/TinyTeX/texmf-dist/tex/latex/base/inputenc.sty
Package: inputenc 2024/02/08 v1.3d Input encoding file
\inpenc@prehook=\toks24
\inpenc@posthook=\toks25
) (/Users/patriciavanhissenhoven/Library/TinyTeX/texmf-dist/tex/latex/base/textcomp.sty
Package: textcomp 2024/04/24 v2.1b Standard LaTeX package
) (/Users/patriciavanhissenhoven/Library/TinyTeX/texmf-dist/tex/latex/lm/lmodern.sty
Package: lmodern 2015/05/01 v1.6.1 Latin Modern Fonts
LaTeX Font Info:    Overwriting symbol font `operators' in version `normal'
(Font)                  OT1/cmr/m/n --> OT1/lmr/m/n on input line 22.
LaTeX Font Info:    Overwriting symbol font `letters' in version `normal'
(Font)                  OML/cmm/m/it --> OML/lmm/m/it on input line 23.
LaTeX Font Info:    Overwriting symbol font `symbols' in version `normal'
(Font)                  OMS/cmsy/m/n --> OMS/lmsy/m/n on input line 24.
LaTeX Font Info:    Overwriting symbol font `largesymbols' in version `normal'
(Font)                  OMX/cmex/m/n --> OMX/lmex/m/n on input line 25.
LaTeX Font Info:    Overwriting symbol font `operators' in version `bold'
(Font)                  OT1/cmr/bx/n --> OT1/lmr/bx/n on input line 26.
LaTeX Font Info:    Overwriting symbol font `letters' in version `bold'
(Font)                  OML/cmm/b/it --> OML/lmm/b/it on input line 27.
LaTeX Font Info:    Overwriting symbol font `symbols' in version `bold'
(Font)                  OMS/cmsy/b/n --> OMS/lmsy/b/n on input line 28.
LaTeX Font Info:    Overwriting symbol font `largesymbols' in version `bold'
(Font)                  OMX/cmex/m/n --> OMX/lmex/m/n on input line 29.
LaTeX Font Info:    Overwriting math alphabet `\mathbf' in version `normal'
(Font)                  OT1/cmr/bx/n --> OT1/lmr/bx/n on input line 31.
LaTeX Font Info:    Overwriting math alphabet `\mathsf' in version `normal'
(Font)                  OT1/cmss/m/n --> OT1/lmss/m/n on input line 32.
LaTeX Font Info:    Overwriting math alphabet `\mathit' in version `normal'
(Font)                  OT1/cmr/m/it --> OT1/lmr/m/it on input line 33.
LaTeX Font Info:    Overwriting math alphabet `\mathtt' in version `normal'
(Font)                  OT1/cmtt/m/n --> OT1/lmtt/m/n on input line 34.
LaTeX Font Info:    Overwriting math alphabet `\mathbf' in version `bold'
(Font)                  OT1/cmr/bx/n --> OT1/lmr/bx/n on input line 35.
LaTeX Font Info:    Overwriting math alphabet `\mathsf' in version `bold'
(Font)                  OT1/cmss/bx/n --> OT1/lmss/bx/n on input line 36.
LaTeX Font Info:    Overwriting math alphabet `\mathit' in version `bold'
(Font)                  OT1/cmr/bx/it --> OT1/lmr/bx/it on input line 37.
LaTeX Font Info:    Overwriting math alphabet `\mathtt' in version `bold'
(Font)                  OT1/cmtt/m/n --> OT1/lmtt/m/n on input line 38.
) (/Users/patriciavanhissenhoven/Library/TinyTeX/texmf-dist/tex/latex/graphics/graphicx.sty
Package: graphicx 2024/12/31 v1.2e Enhanced LaTeX Graphics (DPC,SPQR)
(/Users/patriciavanhissenhoven/Library/TinyTeX/texmf-dist/tex/latex/graphics/graphics.sty
Package: graphics 2024/08/06 v1.4g Standard LaTeX Graphics (DPC,SPQR)
(/Users/patriciavanhissenhoven/Library/TinyTeX/texmf-dist/tex/latex/graphics/trig.sty
Package: trig 2023/12/02 v1.11 sin cos tan (DPC)
) (/Users/patriciavanhissenhoven/Library/TinyTeX/texmf-dist/tex/latex/graphics-cfg/graphics.cfg
File: graphics.cfg 2016/06/04 v1.11 sample graphics configuration
)
Package graphics Info: Driver file: pdftex.def on input line 106.
)
\Gin@req@height=\dimen166
\Gin@req@width=\dimen167
)
\pandoc@box=\box55
(/Users/patriciavanhissenhoven/Library/TinyTeX/texmf-dist/tex/latex/booktabs/booktabs.sty
Package: booktabs 2020/01/12 v1.61803398 Publication quality tables
\heavyrulewidth=\dimen168
\lightrulewidth=\dimen169
\cmidrulewidth=\dimen170
\belowrulesep=\dimen171
\belowbottomsep=\dimen172
\aboverulesep=\dimen173
\abovetopsep=\dimen174
\cmidrulesep=\dimen175
\cmidrulekern=\dimen176
\defaultaddspace=\dimen177
\@cmidla=\count298
\@cmidlb=\count299
\@aboverulesep=\dimen178
\@belowrulesep=\dimen179
\@thisruleclass=\count300
\@lastruleclass=\count301
\@thisrulewidth=\dimen180
) (/Users/patriciavanhissenhoven/Library/TinyTeX/texmf-dist/tex/latex/tools/longtable.sty
Package: longtable 2025-10-13 v4.24 Multi-page Table package (DPC)
\LTleft=\skip54
\LTright=\skip55
\LTpre=\skip56
\LTpost=\skip57
\LTchunksize=\count302
\LTcapwidth=\dimen181
\LT@head=\box56
\LT@firsthead=\box57
\LT@foot=\box58
\LT@lastfoot=\box59
\LT@gbox=\box60
\LT@cols=\count303
\LT@rows=\count304
\c@LT@tables=\count305
\c@LT@chunks=\count306
\LT@p@ftn=\toks26
) (/Users/patriciavanhissenhoven/Library/TinyTeX/texmf-dist/tex/latex/tools/array.sty
Package: array 2025/09/25 v2.6n Tabular extension package (FMi)
\col@sep=\dimen182
\ar@mcellbox=\box61
\extrarowheight=\dimen183
\NC@list=\toks27
\extratabsurround=\skip58
\backup@length=\skip59
\ar@cellbox=\box62
) (/Users/patriciavanhissenhoven/Library/TinyTeX/texmf-dist/tex/latex/multirow/multirow.sty
Package: multirow 2024/11/12 v2.9 Span multiple rows of a table
\multirow@colwidth=\skip60
\multirow@cntb=\count307
\multirow@dima=\skip61
\bigstrutjot=\dimen184
) (/Users/patriciavanhissenhoven/Library/TinyTeX/texmf-dist/tex/latex/wrapfig/wrapfig.sty
\wrapoverhang=\dimen185
\WF@size=\dimen186
\c@WF@wrappedlines=\count308
\WF@box=\box63
\WF@everypar=\toks28
Package: wrapfig 2003/01/31  v 3.6
) (/Users/patriciavanhissenhoven/Library/TinyTeX/texmf-dist/tex/latex/float/float.sty
Package: float 2001/11/08 v1.3d Float enhancements (AL)
\c@float@type=\count309
\float@exts=\toks29
\float@box=\box64
\@float@everytoks=\toks30
\@floatcapt=\box65
) (/Users/patriciavanhissenhoven/Library/TinyTeX/texmf-dist/tex/latex/colortbl/colortbl.sty
Package: colortbl 2024/10/29 v1.0k Color table columns (DPC)
\everycr=\toks31
\minrowclearance=\skip62
\rownum=\count310
) (/Users/patriciavanhissenhoven/Library/TinyTeX/texmf-dist/tex/latex/pdflscape/pdflscape.sty
Package: pdflscape 2025-06-23 v0.14 Display of landscape pages in PDF
(/Users/patriciavanhissenhoven/Library/TinyTeX/texmf-dist/tex/latex/pdflscape/pdflscape-nometadata.sty
Package: pdflscape-nometadata 2025-06-23 v0.14 Display of landscape pages in PDF (HO)
(/Users/patriciavanhissenhoven/Library/TinyTeX/texmf-dist/tex/latex/graphics/lscape.sty
Package: lscape 2020/05/28 v3.02 Landscape Pages (DPC)
)
Package pdflscape Info: Auto-detected driver: pdftex on input line 81.
)) (/Users/patriciavanhissenhoven/Library/TinyTeX/texmf-dist/tex/latex/tabu/tabu.sty
Package: tabu 2019/01/11 v2.9 - flexible LaTeX tabulars (FC+tabu-fixed)
(/Users/patriciavanhissenhoven/Library/TinyTeX/texmf-dist/tex/latex/varwidth/varwidth.sty
Package: varwidth 2009/03/30 ver 0.92;  Variable-width minipages
\@vwid@box=\box66
\sift@deathcycles=\count311
\@vwid@loff=\dimen187
\@vwid@roff=\dimen188
)
==> First Aid for varwidth.sty applied!
\c@taburow=\count312
\tabu@nbcols=\count313
\tabu@cnt=\count314
\tabu@Xcol=\count315
\tabu@alloc=\count316
\tabu@nested=\count317
\tabu@target=\dimen189
\tabu@spreadtarget=\dimen190
\tabu@naturalX=\dimen191
\tabucolX=\dimen192
\tabu@Xsum=\dimen193
\extrarowdepth=\dimen194
\abovetabulinesep=\dimen195
\belowtabulinesep=\dimen196
\tabustrutrule=\dimen197
\tabu@thebody=\toks32
\tabu@footnotes=\toks33
\tabu@box=\box67
\tabu@arstrutbox=\box68
\tabu@hleads=\box69
\tabu@vleads=\box70
\tabu@cellskip=\skip63
) (/Users/patriciavanhissenhoven/Library/TinyTeX/texmf-dist/tex/latex/threeparttable/threeparttable.sty
Package: threeparttable 2003/06/13  v 3.0
\@tempboxb=\box71
) (/Users/patriciavanhissenhoven/Library/TinyTeX/texmf-dist/tex/latex/threeparttablex/threeparttablex.sty
Package: threeparttablex 2013/07/23 v0.3 by daleif
(/Users/patriciavanhissenhoven/Library/TinyTeX/texmf-dist/tex/latex/environ/environ.sty
Package: environ 2014/05/04 v0.3 A new way to define environments
(/Users/patriciavanhissenhoven/Library/TinyTeX/texmf-dist/tex/latex/trimspaces/trimspaces.sty
Package: trimspaces 2009/09/17 v1.1 Trim spaces around a token list
))
\TPTL@width=\skip64
) (/Users/patriciavanhissenhoven/Library/TinyTeX/texmf-dist/tex/generic/ulem/ulem.sty
\UL@box=\box72
\UL@hyphenbox=\box73
\UL@skip=\skip65
\UL@hook=\toks34
\UL@height=\dimen198
\UL@pe=\count318
\UL@pixel=\dimen199
\ULC@box=\box74
Package: ulem 2019/11/18
\ULdepth=\dimen256
) (/Users/patriciavanhissenhoven/Library/TinyTeX/texmf-dist/tex/latex/makecell/makecell.sty
Package: makecell 2009/08/03 V0.1e Managing of Tab Column Heads and Cells
\rotheadsize=\dimen257
\c@nlinenum=\count319
\TeXr@lab=\toks35
) (/Users/patriciavanhissenhoven/Library/TinyTeX/texmf-dist/tex/latex/bookmark/bookmark.sty
Package: bookmark 2023-12-10 v1.31 PDF bookmarks (HO)
(/Users/patriciavanhissenhoven/Library/TinyTeX/texmf-dist/tex/latex/hyperref/hyperref.sty
Package: hyperref 2026-01-29 v7.01p Hypertext links for LaTeX
(/Users/patriciavanhissenhoven/Library/TinyTeX/texmf-dist/tex/latex/kvsetkeys/kvsetkeys.sty
Package: kvsetkeys 2022-10-05 v1.19 Key value parser (HO)
) (/Users/patriciavanhissenhoven/Library/TinyTeX/texmf-dist/tex/generic/kvdefinekeys/kvdefinekeys.sty
Package: kvdefinekeys 2019-12-19 v1.6 Define keys (HO)
) (/Users/patriciavanhissenhoven/Library/TinyTeX/texmf-dist/tex/generic/pdfescape/pdfescape.sty
Package: pdfescape 2019/12/09 v1.15 Implements pdfTeX's escape features (HO)
(/Users/patriciavanhissenhoven/Library/TinyTeX/texmf-dist/tex/generic/ltxcmds/ltxcmds.sty
Package: ltxcmds 2023-12-04 v1.26 LaTeX kernel commands for general use (HO)
) (/Users/patriciavanhissenhoven/Library/TinyTeX/texmf-dist/tex/generic/pdftexcmds/pdftexcmds.sty
Package: pdftexcmds 2020-06-27 v0.33 Utility functions of pdfTeX for LuaTeX (HO)
(/Users/patriciavanhissenhoven/Library/TinyTeX/texmf-dist/tex/generic/infwarerr/infwarerr.sty
Package: infwarerr 2019/12/03 v1.5 Providing info/warning/error messages (HO)
)
Package pdftexcmds Info: \pdf@primitive is available.
Package pdftexcmds Info: \pdf@ifprimitive is available.
Package pdftexcmds Info: \pdfdraftmode found.
)) (/Users/patriciavanhissenhoven/Library/TinyTeX/texmf-dist/tex/latex/hycolor/hycolor.sty
Package: hycolor 2020-01-27 v1.10 Color options for hyperref/bookmark (HO)
) (/Users/patriciavanhissenhoven/Library/TinyTeX/texmf-dist/tex/latex/hyperref/nameref.sty
Package: nameref 2026-01-29 v2.58 Cross-referencing by name of section
(/Users/patriciavanhissenhoven/Library/TinyTeX/texmf-dist/tex/latex/refcount/refcount.sty
Package: refcount 2019/12/15 v3.6 Data extraction from label references (HO)
) (/Users/patriciavanhissenhoven/Library/TinyTeX/texmf-dist/tex/generic/gettitlestring/gettitlestring.sty
Package: gettitlestring 2019/12/15 v1.6 Cleanup title references (HO)
(/Users/patriciavanhissenhoven/Library/TinyTeX/texmf-dist/tex/latex/kvoptions/kvoptions.sty
Package: kvoptions 2022-06-15 v3.15 Key value format for package options (HO)
))
\c@section@level=\count320
) (/Users/patriciavanhissenhoven/Library/TinyTeX/texmf-dist/tex/latex/etoolbox/etoolbox.sty
Package: etoolbox 2025/10/02 v2.5m e-TeX tools for LaTeX (JAW)
\etb@tempcnta=\count321
) (/Users/patriciavanhissenhoven/Library/TinyTeX/texmf-dist/tex/generic/stringenc/stringenc.sty
Package: stringenc 2019/11/29 v1.12 Convert strings between diff. encodings (HO)
)
\@linkdim=\dimen258
\Hy@linkcounter=\count322
\Hy@pagecounter=\count323
(/Users/patriciavanhissenhoven/Library/TinyTeX/texmf-dist/tex/latex/hyperref/pd1enc.def
File: pd1enc.def 2026-01-29 v7.01p Hyperref: PDFDocEncoding definition (HO)
Now handling font encoding PD1 ...
... no UTF-8 mapping file for font encoding PD1
) (/Users/patriciavanhissenhoven/Library/TinyTeX/texmf-dist/tex/generic/intcalc/intcalc.sty
Package: intcalc 2019/12/15 v1.3 Expandable calculations with integers (HO)
)
\Hy@SavedSpaceFactor=\count324
(/Users/patriciavanhissenhoven/Library/TinyTeX/texmf-dist/tex/latex/hyperref/puenc.def
File: puenc.def 2026-01-29 v7.01p Hyperref: PDF Unicode definition (HO)
Now handling font encoding PU ...
... no UTF-8 mapping file for font encoding PU
)
Package hyperref Info: Option `unicode' set `true' on input line 4072.
Package hyperref Info: Hyper figures OFF on input line 4201.
Package hyperref Info: Link nesting OFF on input line 4206.
Package hyperref Info: Hyper index ON on input line 4209.
Package hyperref Info: Plain pages OFF on input line 4216.
Package hyperref Info: Backreferencing OFF on input line 4221.
Package hyperref Info: Implicit mode ON; LaTeX internals redefined.
Package hyperref Info: Bookmarks ON on input line 4468.
\c@Hy@tempcnt=\count325
(/Users/patriciavanhissenhoven/Library/TinyTeX/texmf-dist/tex/latex/url/url.sty
\Urlmuskip=\muskip18
Package: url 2013/09/16  ver 3.4  Verb mode for urls, etc.
)
LaTeX Info: Redefining \url on input line 4807.
\XeTeXLinkMargin=\dimen259
(/Users/patriciavanhissenhoven/Library/TinyTeX/texmf-dist/tex/generic/bitset/bitset.sty
Package: bitset 2019/12/09 v1.3 Handle bit-vector datatype (HO)
(/Users/patriciavanhissenhoven/Library/TinyTeX/texmf-dist/tex/generic/bigintcalc/bigintcalc.sty
Package: bigintcalc 2019/12/15 v1.5 Expandable calculations on big integers (HO)
))
\Fld@menulength=\count326
\Field@Width=\dimen260
\Fld@charsize=\dimen261
Package hyperref Info: Hyper figures OFF on input line 6084.
Package hyperref Info: Link nesting OFF on input line 6089.
Package hyperref Info: Hyper index ON on input line 6092.
Package hyperref Info: backreferencing OFF on input line 6099.
Package hyperref Info: Link coloring OFF on input line 6104.
Package hyperref Info: Link coloring with OCG OFF on input line 6109.
Package hyperref Info: PDF/A mode OFF on input line 6114.
\Hy@abspage=\count327
\c@Item=\count328
\c@Hfootnote=\count329
)
Package hyperref Info: Driver (autodetected): hpdftex.
(/Users/patriciavanhissenhoven/Library/TinyTeX/texmf-dist/tex/latex/hyperref/hpdftex.def
File: hpdftex.def 2026-01-29 v7.01p Hyperref driver for pdfTeX
\Fld@listcount=\count330
\c@bookmark@seq@number=\count331
(/Users/patriciavanhissenhoven/Library/TinyTeX/texmf-dist/tex/latex/rerunfilecheck/rerunfilecheck.sty
Package: rerunfilecheck 2025-06-21 v1.11 Rerun checks for auxiliary files (HO)
(/Users/patriciavanhissenhoven/Library/TinyTeX/texmf-dist/tex/generic/uniquecounter/uniquecounter.sty
Package: uniquecounter 2019/12/15 v1.4 Provide unlimited unique counter (HO)
)
Package uniquecounter Info: New unique counter `rerunfilecheck' on input line 284.
)
\Hy@SectionHShift=\skip66
) (/Users/patriciavanhissenhoven/Library/TinyTeX/texmf-dist/tex/latex/bookmark/bkm-pdftex.def
File: bkm-pdftex.def 2023-12-10 v1.31 bookmark driver for pdfTeX and luaTeX (HO)
\BKM@id=\count332
))
LaTeX Font Info:    Trying to load font information for T1+lmr on input line 85.
(/Users/patriciavanhissenhoven/Library/TinyTeX/texmf-dist/tex/latex/lm/t1lmr.fd
File: t1lmr.fd 2015/05/01 v1.6.1 Font defs for Latin Modern
) (/Users/patriciavanhissenhoven/Library/TinyTeX/texmf-dist/tex/latex/l3backend/l3backend-pdftex.def
File: l3backend-pdftex.def 2025-10-09 L3 backend support: PDF output (pdfTeX)
\l__color_backend_stack_int=\count333
) (./Paper_Figures.aux

LaTeX Warning: Label `tab:unnamed-chunk-8' multiply defined.


LaTeX Warning: Label `tab:unnamed-chunk-8' multiply defined.


LaTeX Warning: Label `tab:unnamed-chunk-8' multiply defined.

)
\openout1 = `Paper_Figures.aux'.

LaTeX Font Info:    Checking defaults for OML/cmm/m/it on input line 85.
LaTeX Font Info:    ... okay on input line 85.
LaTeX Font Info:    Checking defaults for OMS/cmsy/m/n on input line 85.
LaTeX Font Info:    ... okay on input line 85.
LaTeX Font Info:    Checking defaults for OT1/cmr/m/n on input line 85.
LaTeX Font Info:    ... okay on input line 85.
LaTeX Font Info:    Checking defaults for T1/cmr/m/n on input line 85.
LaTeX Font Info:    ... okay on input line 85.
LaTeX Font Info:    Checking defaults for TS1/cmr/m/n on input line 85.
LaTeX Font Info:    ... okay on input line 85.
LaTeX Font Info:    Checking defaults for OMX/cmex/m/n on input line 85.
LaTeX Font Info:    ... okay on input line 85.
LaTeX Font Info:    Checking defaults for U/cmr/m/n on input line 85.
LaTeX Font Info:    ... okay on input line 85.
LaTeX Font Info:    Checking defaults for PD1/pdf/m/n on input line 85.
LaTeX Font Info:    ... okay on input line 85.
LaTeX Font Info:    Checking defaults for PU/pdf/m/n on input line 85.
LaTeX Font Info:    ... okay on input line 85.
(/Users/patriciavanhissenhoven/Library/TinyTeX/texmf-dist/tex/latex/epstopdf-pkg/epstopdf-base.sty
Package: epstopdf-base 2020-01-24 v2.11 Base part for package epstopdf
Package epstopdf-base Info: Redefining graphics rule for `.eps' on input line 485.
(/Users/patriciavanhissenhoven/Library/TinyTeX/texmf-dist/tex/latex/latexconfig/epstopdf-sys.cfg
File: epstopdf-sys.cfg 2010/07/13 v1.3 Configuration of (r)epstopdf for TeX Live
))
*geometry* driver: auto-detecting
*geometry* detected driver: pdftex
*geometry* verbose mode - [ preamble ] result:
* driver: pdftex
* paper: <default>
* layout: <same size as paper>
* layoutoffset:(h,v)=(0.0pt,0.0pt)
* modes: 
* h-part:(L,W,R)=(72.26999pt, 469.75502pt, 72.26999pt)
* v-part:(T,H,B)=(72.26999pt, 650.43001pt, 72.26999pt)
* \paperwidth=614.295pt
* \paperheight=794.96999pt
* \textwidth=469.75502pt
* \textheight=650.43001pt
* \oddsidemargin=0.0pt
* \evensidemargin=0.0pt
* \topmargin=-37.0pt
* \headheight=12.0pt
* \headsep=25.0pt
* \topskip=10.0pt
* \footskip=30.0pt
* \marginparwidth=65.0pt
* \marginparsep=11.0pt
* \columnsep=10.0pt
* \skip\footins=9.0pt plus 4.0pt minus 2.0pt
* \hoffset=0.0pt
* \voffset=0.0pt
* \mag=1000
* \@twocolumnfalse
* \@twosidefalse
* \@mparswitchfalse
* \@reversemarginfalse
* (1in=72.27pt=25.4mm, 1cm=28.453pt)

Package hyperref Info: Link coloring OFF on input line 85.
LaTeX Font Info:    Trying to load font information for OT1+lmr on input line 87.
(/Users/patriciavanhissenhoven/Library/TinyTeX/texmf-dist/tex/latex/lm/ot1lmr.fd
File: ot1lmr.fd 2015/05/01 v1.6.1 Font defs for Latin Modern
)
LaTeX Font Info:    Trying to load font information for OML+lmm on input line 87.
(/Users/patriciavanhissenhoven/Library/TinyTeX/texmf-dist/tex/latex/lm/omllmm.fd
File: omllmm.fd 2015/05/01 v1.6.1 Font defs for Latin Modern
)
LaTeX Font Info:    Trying to load font information for OMS+lmsy on input line 87.
(/Users/patriciavanhissenhoven/Library/TinyTeX/texmf-dist/tex/latex/lm/omslmsy.fd
File: omslmsy.fd 2015/05/01 v1.6.1 Font defs for Latin Modern
)
LaTeX Font Info:    Trying to load font information for OMX+lmex on input line 87.
(/Users/patriciavanhissenhoven/Library/TinyTeX/texmf-dist/tex/latex/lm/omxlmex.fd
File: omxlmex.fd 2015/05/01 v1.6.1 Font defs for Latin Modern
)
LaTeX Font Info:    External font `lmex10' loaded for size
(Font)              <12> on input line 87.
LaTeX Font Info:    External font `lmex10' loaded for size
(Font)              <8> on input line 87.
LaTeX Font Info:    External font `lmex10' loaded for size
(Font)              <6> on input line 87.
LaTeX Font Info:    Trying to load font information for U+msa on input line 87.
(/Users/patriciavanhissenhoven/Library/TinyTeX/texmf-dist/tex/latex/amsfonts/umsa.fd
File: umsa.fd 2013/01/14 v3.01 AMS symbols A
)
LaTeX Font Info:    Trying to load font information for U+msb on input line 87.
(/Users/patriciavanhissenhoven/Library/TinyTeX/texmf-dist/tex/latex/amsfonts/umsb.fd
File: umsb.fd 2013/01/14 v3.01 AMS symbols B
)
<Paper_Figures_files/Paper_Figures_files/figure-latex/unnamed-chunk-1-1.pdf, id=4, 469.755pt x 325.215pt>
File: Paper_Figures_files/Paper_Figures_files/figure-latex/unnamed-chunk-1-1.pdf Graphic file (type pdf)
<use Paper_Figures_files/Paper_Figures_files/figure-latex/unnamed-chunk-1-1.pdf>
Package pdftex.def Info: Paper_Figures_files/Paper_Figures_files/figure-latex/unnamed-chunk-1-1.pdf  used on input line 105.
(pdftex.def)             Requested size: 469.75386pt x 325.2142pt.
[1

{/Users/patriciavanhissenhoven/Library/TinyTeX/texmf-var/fonts/map/pdftex/updmap/pdftex.map}{/Users/patriciavanhissenhoven/Library/TinyTeX/texmf-dist/fonts/enc/dvips/lm/lm-ec.enc} <./Paper_Figures_files/Paper_Figures_files/figure-latex/unnamed-chunk-1-1.pdf>]
<Paper_Figures_files/Paper_Figures_files/figure-latex/unnamed-chunk-2-1.pdf, id=21, 469.755pt x 325.215pt>
File: Paper_Figures_files/Paper_Figures_files/figure-latex/unnamed-chunk-2-1.pdf Graphic file (type pdf)
<use Paper_Figures_files/Paper_Figures_files/figure-latex/unnamed-chunk-2-1.pdf>
Package pdftex.def Info: Paper_Figures_files/Paper_Figures_files/figure-latex/unnamed-chunk-2-1.pdf  used on input line 114.
(pdftex.def)             Requested size: 469.75386pt x 325.2142pt.
<Paper_Figures_files/Paper_Figures_files/figure-latex/unnamed-chunk-3-1.pdf, id=22, 469.755pt x 325.215pt>
File: Paper_Figures_files/Paper_Figures_files/figure-latex/unnamed-chunk-3-1.pdf Graphic file (type pdf)
<use Paper_Figures_files/Paper_Figures_files/figure-latex/unnamed-chunk-3-1.pdf>
Package pdftex.def Info: Paper_Figures_files/Paper_Figures_files/figure-latex/unnamed-chunk-3-1.pdf  used on input line 148.
(pdftex.def)             Requested size: 469.75386pt x 325.2142pt.
[2 <./Paper_Figures_files/Paper_Figures_files/figure-latex/unnamed-chunk-2-1.pdf>]
<Paper_Figures_files/Paper_Figures_files/figure-latex/unnamed-chunk-4-1.pdf, id=33, 469.755pt x 325.215pt>
File: Paper_Figures_files/Paper_Figures_files/figure-latex/unnamed-chunk-4-1.pdf Graphic file (type pdf)
<use Paper_Figures_files/Paper_Figures_files/figure-latex/unnamed-chunk-4-1.pdf>
Package pdftex.def Info: Paper_Figures_files/Paper_Figures_files/figure-latex/unnamed-chunk-4-1.pdf  used on input line 156.
(pdftex.def)             Requested size: 469.75386pt x 325.2142pt.
[3 <./Paper_Figures_files/Paper_Figures_files/figure-latex/unnamed-chunk-3-1.pdf>]
<Paper_Figures_files/Paper_Figures_files/figure-latex/unnamed-chunk-5-1.pdf, id=44, 469.755pt x 325.215pt>
File: Paper_Figures_files/Paper_Figures_files/figure-latex/unnamed-chunk-5-1.pdf Graphic file (type pdf)
<use Paper_Figures_files/Paper_Figures_files/figure-latex/unnamed-chunk-5-1.pdf>
Package pdftex.def Info: Paper_Figures_files/Paper_Figures_files/figure-latex/unnamed-chunk-5-1.pdf  used on input line 161.
(pdftex.def)             Requested size: 469.75386pt x 325.2142pt.
[4 <./Paper_Figures_files/Paper_Figures_files/figure-latex/unnamed-chunk-4-1.pdf>]
<Paper_Figures_files/Paper_Figures_files/figure-latex/unnamed-chunk-6-1.pdf, id=54, 469.755pt x 325.215pt>
File: Paper_Figures_files/Paper_Figures_files/figure-latex/unnamed-chunk-6-1.pdf Graphic file (type pdf)
<use Paper_Figures_files/Paper_Figures_files/figure-latex/unnamed-chunk-6-1.pdf>
Package pdftex.def Info: Paper_Figures_files/Paper_Figures_files/figure-latex/unnamed-chunk-6-1.pdf  used on input line 173.
(pdftex.def)             Requested size: 469.75386pt x 325.2142pt.
<Paper_Figures_files/Paper_Figures_files/figure-latex/unnamed-chunk-6-2.pdf, id=55, 469.755pt x 325.215pt>
File: Paper_Figures_files/Paper_Figures_files/figure-latex/unnamed-chunk-6-2.pdf Graphic file (type pdf)
<use Paper_Figures_files/Paper_Figures_files/figure-latex/unnamed-chunk-6-2.pdf>
Package pdftex.def Info: Paper_Figures_files/Paper_Figures_files/figure-latex/unnamed-chunk-6-2.pdf  used on input line 174.
(pdftex.def)             Requested size: 469.75386pt x 325.2142pt.

Underfull \hbox (badness 10000) in paragraph at lines 173--175
[][]
 []

[5 <./Paper_Figures_files/Paper_Figures_files/figure-latex/unnamed-chunk-5-1.pdf>] [6 <./Paper_Figures_files/Paper_Figures_files/figure-latex/unnamed-chunk-6-1.pdf>]
LaTeX Font Info:    External font `lmex10' loaded for size
(Font)              <10> on input line 225.
LaTeX Font Info:    External font `lmex10' loaded for size
(Font)              <7> on input line 225.
LaTeX Font Info:    External font `lmex10' loaded for size
(Font)              <5> on input line 225.

LaTeX Warning: `!h' float specifier changed to `!ht'.

[7 <./Paper_Figures_files/Paper_Figures_files/figure-latex/unnamed-chunk-6-2.pdf>] [8] [9]
<Paper_Figures_files/figure-latex/unnamed-chunk-9-1.pdf, id=99, 794.97pt x 614.295pt>
File: Paper_Figures_files/figure-latex/unnamed-chunk-9-1.pdf Graphic file (type pdf)
<use Paper_Figures_files/figure-latex/unnamed-chunk-9-1.pdf>
Package pdftex.def Info: Paper_Figures_files/figure-latex/unnamed-chunk-9-1.pdf  used on input line 341.
(pdftex.def)             Requested size: 650.43001pt x 502.6191pt.
[10

]
Overfull \vbox (32.86407pt too high) has occurred while \output is active []

[11 <./Paper_Figures_files/figure-latex/unnamed-chunk-9-1.pdf>]
<Paper_Figures_files/figure-latex/unnamed-chunk-10-1.pdf, id=117, 794.97pt x 614.295pt>
File: Paper_Figures_files/figure-latex/unnamed-chunk-10-1.pdf Graphic file (type pdf)
<use Paper_Figures_files/figure-latex/unnamed-chunk-10-1.pdf>
Package pdftex.def Info: Paper_Figures_files/figure-latex/unnamed-chunk-10-1.pdf  used on input line 347.
(pdftex.def)             Requested size: 650.43001pt x 502.6191pt.

Overfull \vbox (32.86407pt too high) has occurred while \output is active []

[12 <./Paper_Figures_files/figure-latex/unnamed-chunk-10-1.pdf>]
<Paper_Figures_files/figure-latex/unnamed-chunk-11-1.pdf, id=131, 794.97pt x 614.295pt>
File: Paper_Figures_files/figure-latex/unnamed-chunk-11-1.pdf Graphic file (type pdf)
<use Paper_Figures_files/figure-latex/unnamed-chunk-11-1.pdf>
Package pdftex.def Info: Paper_Figures_files/figure-latex/unnamed-chunk-11-1.pdf  used on input line 354.
(pdftex.def)             Requested size: 650.43001pt x 502.6191pt.

Overfull \vbox (32.86407pt too high) has occurred while \output is active []

[13 <./Paper_Figures_files/figure-latex/unnamed-chunk-11-1.pdf>]
<Paper_Figures_files/figure-latex/unnamed-chunk-12-1.pdf, id=147, 794.97pt x 614.295pt>
File: Paper_Figures_files/figure-latex/unnamed-chunk-12-1.pdf Graphic file (type pdf)
<use Paper_Figures_files/figure-latex/unnamed-chunk-12-1.pdf>
Package pdftex.def Info: Paper_Figures_files/figure-latex/unnamed-chunk-12-1.pdf  used on input line 360.
(pdftex.def)             Requested size: 650.43001pt x 502.6191pt.

Overfull \vbox (32.86407pt too high) has occurred while \output is active []

[14 <./Paper_Figures_files/figure-latex/unnamed-chunk-12-1.pdf>]
<Paper_Figures_files/figure-latex/unnamed-chunk-13-1.pdf, id=161, 794.97pt x 614.295pt>
File: Paper_Figures_files/figure-latex/unnamed-chunk-13-1.pdf Graphic file (type pdf)
<use Paper_Figures_files/figure-latex/unnamed-chunk-13-1.pdf>
Package pdftex.def Info: Paper_Figures_files/figure-latex/unnamed-chunk-13-1.pdf  used on input line 367.
(pdftex.def)             Requested size: 650.43001pt x 502.6191pt.

Overfull \vbox (32.86407pt too high) has occurred while \output is active []

[15 <./Paper_Figures_files/figure-latex/unnamed-chunk-13-1.pdf>]
<Paper_Figures_files/figure-latex/unnamed-chunk-14-1.pdf, id=175, 794.97pt x 614.295pt>
File: Paper_Figures_files/figure-latex/unnamed-chunk-14-1.pdf Graphic file (type pdf)
<use Paper_Figures_files/figure-latex/unnamed-chunk-14-1.pdf>
Package pdftex.def Info: Paper_Figures_files/figure-latex/unnamed-chunk-14-1.pdf  used on input line 377.
(pdftex.def)             Requested size: 650.43001pt x 502.6191pt.
[16


]
Overfull \vbox (32.86407pt too high) has occurred while \output is active []

[17 <./Paper_Figures_files/figure-latex/unnamed-chunk-14-1.pdf>]
<Paper_Figures_files/figure-latex/unnamed-chunk-15-1.pdf, id=193, 794.97pt x 614.295pt>
File: Paper_Figures_files/figure-latex/unnamed-chunk-15-1.pdf Graphic file (type pdf)
<use Paper_Figures_files/figure-latex/unnamed-chunk-15-1.pdf>
Package pdftex.def Info: Paper_Figures_files/figure-latex/unnamed-chunk-15-1.pdf  used on input line 383.
(pdftex.def)             Requested size: 650.43001pt x 502.6191pt.

Overfull \vbox (32.86407pt too high) has occurred while \output is active []

[18 <./Paper_Figures_files/figure-latex/unnamed-chunk-15-1.pdf>]
<Paper_Figures_files/figure-latex/unnamed-chunk-16-1.pdf, id=207, 794.97pt x 614.295pt>
File: Paper_Figures_files/figure-latex/unnamed-chunk-16-1.pdf Graphic file (type pdf)
<use Paper_Figures_files/figure-latex/unnamed-chunk-16-1.pdf>
Package pdftex.def Info: Paper_Figures_files/figure-latex/unnamed-chunk-16-1.pdf  used on input line 389.
(pdftex.def)             Requested size: 650.43001pt x 502.6191pt.

Overfull \vbox (32.86407pt too high) has occurred while \output is active []

[19 <./Paper_Figures_files/figure-latex/unnamed-chunk-16-1.pdf>]
<Paper_Figures_files/figure-latex/unnamed-chunk-17-1.pdf, id=222, 794.97pt x 614.295pt>
File: Paper_Figures_files/figure-latex/unnamed-chunk-17-1.pdf Graphic file (type pdf)
<use Paper_Figures_files/figure-latex/unnamed-chunk-17-1.pdf>
Package pdftex.def Info: Paper_Figures_files/figure-latex/unnamed-chunk-17-1.pdf  used on input line 395.
(pdftex.def)             Requested size: 650.43001pt x 502.6191pt.

Overfull \vbox (32.86407pt too high) has occurred while \output is active []

[20 <./Paper_Figures_files/figure-latex/unnamed-chunk-17-1.pdf>]
<Paper_Figures_files/figure-latex/unnamed-chunk-18-1.pdf, id=236, 794.97pt x 614.295pt>
File: Paper_Figures_files/figure-latex/unnamed-chunk-18-1.pdf Graphic file (type pdf)
<use Paper_Figures_files/figure-latex/unnamed-chunk-18-1.pdf>
Package pdftex.def Info: Paper_Figures_files/figure-latex/unnamed-chunk-18-1.pdf  used on input line 403.
(pdftex.def)             Requested size: 650.43001pt x 502.6191pt.

Overfull \vbox (32.86407pt too high) has occurred while \output is active []

[21 <./Paper_Figures_files/figure-latex/unnamed-chunk-18-1.pdf>] (./Paper_Figures.aux)
 ***********
LaTeX2e <2025-11-01>
L3 programming layer <2026-01-19>
 ***********

LaTeX Warning: There were multiply-defined labels.

 ) 
Here is how much of TeX's memory you used:
 12865 strings out of 469514
 208473 string characters out of 5467550
 633625 words of memory out of 5000000
 41268 multiletter control sequences out of 15000+600000
 664883 words of font info for 77 fonts, out of 8000000 for 9000
 14 hyphenation exceptions out of 8191
 89i,18n,93p,401b,496s stack positions out of 10000i,1000n,20000p,200000b,200000s
</Users/patriciavanhissenhoven/Library/TinyTeX/texmf-dist/fonts/type1/public/lm/lmbx12.pfb></Users/patriciavanhissenhoven/Library/TinyTeX/texmf-dist/fonts/type1/public/lm/lmr10.pfb></Users/patriciavanhissenhoven/Library/TinyTeX/texmf-dist/fonts/type1/public/lm/lmr12.pfb></Users/patriciavanhissenhoven/Library/TinyTeX/texmf-dist/fonts/type1/public/lm/lmr17.pfb>
Output written on Paper_Figures.pdf (21 pages, 454239 bytes).
PDF statistics:
 292 PDF objects out of 1000 (max. 8388607)
 224 compressed objects within 3 object streams
 31 named destinations out of 1000 (max. 500000)
 118 words of extra memory for PDF output out of 10000 (max. 10000000)

